<?xml version="1.0" encoding="UTF-8"?>
<!-- Generated by org.testng.reporters.JUnitXMLReporter -->
<testsuite hostname="DESKTOP-R17B62S" name="Test-3" tests="1" failures="0" timestamp="19 Aug 2021 06:38:00 GMT" time="99.269" errors="0">
  <testcase name="testCase14" time="74.397" classname="vtigerTestCases.TC15"/>
</testsuite> <!-- Test-3 -->
