<?xml version="1.0" encoding="UTF-8"?>
<!-- Generated by org.testng.reporters.JUnitXMLReporter -->
<testsuite hostname="DESKTOP-R17B62S" name="Test-1" tests="1" failures="0" timestamp="19 Aug 2021 07:14:29 GMT" time="34.699" errors="0">
  <testcase name="testCase12" time="29.137" classname="vtigerTestCases.TC12"/>
</testsuite> <!-- Test-1 -->
