<?xml version="1.0" encoding="UTF-8"?>
<!-- Generated by org.testng.reporters.JUnitXMLReporter -->
<testsuite hostname="DESKTOP-R17B62S" name="Test-5" tests="1" failures="0" timestamp="19 Aug 2021 06:37:53 GMT" time="92.524" errors="0">
  <testcase name="testCase12" time="72.942" classname="vtigerTestCases.TC12"/>
</testsuite> <!-- Test-5 -->
