<?xml version="1.0" encoding="UTF-8"?>
<!-- Generated by org.testng.reporters.JUnitXMLReporter -->
<testsuite hostname="DESKTOP-R17B62S" name="Test-4" tests="1" failures="0" timestamp="19 Aug 2021 06:37:50 GMT" time="89.653" errors="0">
  <testcase name="testCase13" time="72.612" classname="vtigerTestCases.TC13"/>
</testsuite> <!-- Test-4 -->
