<?xml version="1.0" encoding="UTF-8"?>
<!-- Generated by org.testng.reporters.JUnitReportReporter -->
<testsuite skipped="0" hostname="DESKTOP-R17B62S" name="vtigerTestCases.TC11" tests="1" failures="0" timestamp="17 Aug 2021 15:58:42 GMT" time="56.973" errors="0">
  <testcase name="testCase11" time="56.973" classname="vtigerTestCases.TC11"/>
</testsuite> <!-- vtigerTestCases.TC11 -->
