<?xml version="1.0" encoding="UTF-8"?>
<!-- Generated by org.testng.reporters.JUnitReportReporter -->
<testsuite skipped="0" hostname="DESKTOP-R17B62S" name="dataProvider.Data_Provider" tests="6" failures="0" timestamp="13 Aug 2021 06:42:15 GMT" time="0.000" errors="0">
  <testcase name="data" time="0.000" classname="dataProvider.Data_Provider"/>
  <testcase name="data" time="0.000" classname="dataProvider.Data_Provider"/>
  <testcase name="data" time="0.000" classname="dataProvider.Data_Provider"/>
  <testcase name="data" time="0.000" classname="dataProvider.Data_Provider"/>
  <testcase name="data" time="0.000" classname="dataProvider.Data_Provider"/>
  <testcase name="data" time="0.000" classname="dataProvider.Data_Provider"/>
</testsuite> <!-- dataProvider.Data_Provider -->
