<?xml version="1.0" encoding="UTF-8"?>
<!-- Generated by org.testng.reporters.JUnitReportReporter -->
<testsuite skipped="1" hostname="DESKTOP-R17B62S" name="vtigerTestCases.TC10" tests="1" failures="0" timestamp="26 Aug 2021 05:32:16 GMT" time="0.001" errors="0">
  <testcase name="testCase10" time="0.001" classname="vtigerTestCases.TC10">
    <skipped/>
  </testcase> <!-- testCase10 -->
</testsuite> <!-- vtigerTestCases.TC10 -->
