<?xml version="1.0" encoding="UTF-8"?>
<!-- Generated by org.testng.reporters.JUnitReportReporter -->
<testsuite skipped="1" hostname="DESKTOP-R17B62S" name="vtigerTestCases.TC15" tests="1" failures="0" timestamp="26 Aug 2021 07:30:48 GMT" time="0.000" errors="0">
  <testcase name="testCase14" time="0.000" classname="vtigerTestCases.TC15">
    <skipped/>
  </testcase> <!-- testCase14 -->
</testsuite> <!-- vtigerTestCases.TC15 -->
