<?xml version="1.0" encoding="UTF-8"?>
<!-- Generated by org.testng.reporters.JUnitReportReporter -->
<testsuite skipped="0" hostname="DESKTOP-R17B62S" name="generic_script.Extent" tests="2" failures="0" timestamp="27 Aug 2021 11:46:49 GMT" time="8.529" errors="0">
  <testcase name="test1" time="3.256" classname="generic_script.Extent"/>
  <testcase name="test2" time="5.273" classname="generic_script.Extent"/>
</testsuite> <!-- generic_script.Extent -->
