<?xml version="1.0" encoding="UTF-8"?>
<!-- Generated by org.testng.reporters.JUnitReportReporter -->
<testsuite skipped="1" hostname="DESKTOP-R17B62S" name="vtigerTestCases.TC13" tests="1" failures="0" timestamp="27 Aug 2021 12:23:30 GMT" time="0.000" errors="0">
  <testcase name="testCase13" time="0.000" classname="vtigerTestCases.TC13">
    <skipped/>
  </testcase> <!-- testCase13 -->
</testsuite> <!-- vtigerTestCases.TC13 -->
