<?xml version="1.0" encoding="UTF-8"?>
<!-- Generated by org.testng.reporters.JUnitReportReporter -->
<testsuite skipped="1" hostname="DESKTOP-R17B62S" name="vtigerTestCases.TC14" tests="1" failures="0" timestamp="26 Aug 2021 05:32:16 GMT" time="0.001" errors="0">
  <testcase name="testCase14" time="0.001" classname="vtigerTestCases.TC14">
    <skipped/>
  </testcase> <!-- testCase14 -->
</testsuite> <!-- vtigerTestCases.TC14 -->
